Length of men_no_glasses_loader: 2312
Length of men with glasses loader: 328
Length of women with glasses loader: 85
Finished initialising datasets and dataloaders
Epoch [1/300], Loss_G: 5.638885974884033, Loss_D: 0.12976181507110596
Epoch [2/300], Loss_G: 4.885948181152344, Loss_D: 0.04358436167240143
Epoch [3/300], Loss_G: 4.356508255004883, Loss_D: 0.02795965038239956
Epoch [4/300], Loss_G: 4.3247175216674805, Loss_D: 0.005777536425739527
Epoch [5/300], Loss_G: 4.255242347717285, Loss_D: 0.016507867723703384
Epoch [6/300], Loss_G: 4.243037223815918, Loss_D: 0.004411670379340649
Epoch [7/300], Loss_G: 3.894639015197754, Loss_D: 0.004958426579833031
Epoch [8/300], Loss_G: 3.8487696647644043, Loss_D: 0.002958733821287751
Epoch [9/300], Loss_G: 3.859713077545166, Loss_D: 0.0019118887139484286
Epoch [10/300], Loss_G: 3.9741554260253906, Loss_D: 0.018740251660346985
Epoch [11/300], Loss_G: 3.6456387042999268, Loss_D: 0.07487793266773224
Epoch [12/300], Loss_G: 3.7131872177124023, Loss_D: 0.021547973155975342
Epoch [13/300], Loss_G: 3.69189715385437, Loss_D: 0.006835643667727709
Epoch [14/300], Loss_G: 3.698392868041992, Loss_D: 0.006860028021037579
Epoch [15/300], Loss_G: 3.7725844383239746, Loss_D: 0.005402082577347755
Epoch [16/300], Loss_G: 3.631789207458496, Loss_D: 0.004310850985348225
Epoch [17/300], Loss_G: 3.6854379177093506, Loss_D: 0.003027407918125391
Epoch [18/300], Loss_G: 3.6506125926971436, Loss_D: 0.009379076771438122
Epoch [19/300], Loss_G: 3.6362524032592773, Loss_D: 0.004000608343631029
Epoch [20/300], Loss_G: 3.514310836791992, Loss_D: 0.020637379959225655
Epoch [21/300], Loss_G: 3.6295406818389893, Loss_D: 0.02740192785859108
Epoch [22/300], Loss_G: 3.552427053451538, Loss_D: 0.010449128225445747
Epoch [23/300], Loss_G: 3.3856146335601807, Loss_D: 0.005549960304051638
Epoch [24/300], Loss_G: 3.6205525398254395, Loss_D: 0.011876899749040604
Epoch [25/300], Loss_G: 3.531536102294922, Loss_D: 0.005013613495975733
Epoch [26/300], Loss_G: 3.556421995162964, Loss_D: 0.009509915485978127
Epoch [27/300], Loss_G: 3.195809841156006, Loss_D: 0.04054952412843704
Epoch [28/300], Loss_G: 3.47466778755188, Loss_D: 0.0029944649431854486
Epoch [29/300], Loss_G: 3.360806703567505, Loss_D: 0.023619692772626877
Epoch [30/300], Loss_G: 3.6045494079589844, Loss_D: 0.06126229092478752
Epoch [31/300], Loss_G: 3.654790163040161, Loss_D: 0.015667425468564034
Epoch [32/300], Loss_G: 3.386368989944458, Loss_D: 0.002704550512135029
Epoch [33/300], Loss_G: 3.300414562225342, Loss_D: 0.0031990744173526764
Epoch [34/300], Loss_G: 3.2362964153289795, Loss_D: 0.0016448081005364656
Epoch [35/300], Loss_G: 3.4829089641571045, Loss_D: 0.0014474905328825116
Epoch [36/300], Loss_G: 3.4707720279693604, Loss_D: 0.001834876136854291
Epoch [37/300], Loss_G: 3.318417549133301, Loss_D: 0.0014201737940311432
Epoch [38/300], Loss_G: 3.2641448974609375, Loss_D: 0.0032770344987511635
Epoch [39/300], Loss_G: 3.4436519145965576, Loss_D: 0.0017826247494667768
Epoch [40/300], Loss_G: 3.2578554153442383, Loss_D: 0.007108754478394985
Epoch [41/300], Loss_G: 3.1478497982025146, Loss_D: 0.00783480517566204
Epoch [42/300], Loss_G: 3.3949356079101562, Loss_D: 0.011578180827200413
Epoch [43/300], Loss_G: 3.3993706703186035, Loss_D: 0.01071478333324194
Epoch [44/300], Loss_G: 3.1842424869537354, Loss_D: 0.001455398160032928
Epoch [45/300], Loss_G: 3.2682342529296875, Loss_D: 0.004506206605583429
Epoch [46/300], Loss_G: 3.2496509552001953, Loss_D: 0.012975754216313362
Epoch [47/300], Loss_G: 3.2326860427856445, Loss_D: 0.00279713305644691
Epoch [48/300], Loss_G: 3.0825729370117188, Loss_D: 0.004711097106337547
Epoch [49/300], Loss_G: 3.119259834289551, Loss_D: 0.010258086025714874
Epoch [50/300], Loss_G: 3.2406198978424072, Loss_D: 0.0036442670971155167
Epoch [51/300], Loss_G: 3.4242489337921143, Loss_D: 0.004293065518140793
Epoch [52/300], Loss_G: 3.3660717010498047, Loss_D: 0.006444120313972235
Epoch [53/300], Loss_G: 3.314791202545166, Loss_D: 0.006160232238471508
Epoch [54/300], Loss_G: 3.1701347827911377, Loss_D: 0.001643158495426178
Epoch [55/300], Loss_G: 3.326453447341919, Loss_D: 0.009045193903148174
Epoch [56/300], Loss_G: 3.103522300720215, Loss_D: 0.0031757934484630823
Epoch [57/300], Loss_G: 3.170621395111084, Loss_D: 0.000519965251442045
Epoch [58/300], Loss_G: 3.2775096893310547, Loss_D: 0.0011768112890422344
Epoch [59/300], Loss_G: 3.2010467052459717, Loss_D: 0.0007753525860607624
Epoch [60/300], Loss_G: 3.2822484970092773, Loss_D: 0.0066298870369791985
Epoch [61/300], Loss_G: 3.005887269973755, Loss_D: 0.003541512181982398
Epoch [62/300], Loss_G: 3.0313541889190674, Loss_D: 0.004431560635566711
Epoch [63/300], Loss_G: 3.0935254096984863, Loss_D: 0.007035895250737667
Epoch [64/300], Loss_G: 2.919314384460449, Loss_D: 0.022669779136776924
Epoch [65/300], Loss_G: 3.190547466278076, Loss_D: 0.005716140381991863
Epoch [66/300], Loss_G: 3.207724094390869, Loss_D: 0.0004228240577504039
Epoch [67/300], Loss_G: 3.079740524291992, Loss_D: 0.008426031097769737
Epoch [68/300], Loss_G: 3.162064790725708, Loss_D: 0.006210303865373135
Epoch [69/300], Loss_G: 3.1959190368652344, Loss_D: 0.005900351796299219
Epoch [70/300], Loss_G: 3.0622544288635254, Loss_D: 0.0013952257577329874
Epoch [71/300], Loss_G: 3.2944512367248535, Loss_D: 0.015409424901008606
Epoch [72/300], Loss_G: 3.163151741027832, Loss_D: 0.0005602797027677298
Epoch [73/300], Loss_G: 3.072286605834961, Loss_D: 0.012640494853258133
Epoch [74/300], Loss_G: 3.2262213230133057, Loss_D: 0.005989334546029568
Epoch [75/300], Loss_G: 3.115816354751587, Loss_D: 0.005203410983085632
Epoch [76/300], Loss_G: 3.0754709243774414, Loss_D: 0.000843542511574924
Epoch [77/300], Loss_G: 3.139268398284912, Loss_D: 0.003761797910556197
Epoch [78/300], Loss_G: 3.1378586292266846, Loss_D: 0.0006353255594149232
Epoch [79/300], Loss_G: 3.0969302654266357, Loss_D: 0.0029274390544742346
Epoch [80/300], Loss_G: 3.049722194671631, Loss_D: 0.0008478209492750466
Epoch [81/300], Loss_G: 2.9903969764709473, Loss_D: 0.00048354221507906914
Epoch [82/300], Loss_G: 3.0301566123962402, Loss_D: 0.0007527123671025038
Epoch [83/300], Loss_G: 3.1726813316345215, Loss_D: 0.0024372143670916557
Epoch [84/300], Loss_G: 2.8778159618377686, Loss_D: 0.011145323514938354
Epoch [85/300], Loss_G: 3.164172887802124, Loss_D: 0.0008894518250599504
Epoch [86/300], Loss_G: 3.0719261169433594, Loss_D: 0.003076029010117054
Epoch [87/300], Loss_G: 3.0895237922668457, Loss_D: 0.0021392707712948322
Epoch [88/300], Loss_G: 3.045489549636841, Loss_D: 0.0017185447504743934
Epoch [89/300], Loss_G: 3.2204506397247314, Loss_D: 0.004888528026640415
Epoch [90/300], Loss_G: 3.030038356781006, Loss_D: 0.004719438496977091
Epoch [91/300], Loss_G: 3.027395248413086, Loss_D: 0.002902371110394597
Epoch [92/300], Loss_G: 2.9991698265075684, Loss_D: 0.0030736406333744526
Epoch [93/300], Loss_G: 3.1561670303344727, Loss_D: 0.010820019990205765
Epoch [94/300], Loss_G: 3.1945712566375732, Loss_D: 0.01877853088080883
Epoch [95/300], Loss_G: 3.143050193786621, Loss_D: 0.05136801302433014
Epoch [96/300], Loss_G: 3.0888795852661133, Loss_D: 0.0002587174531072378
Epoch [97/300], Loss_G: 3.0323634147644043, Loss_D: 0.00019293668447062373
Epoch [98/300], Loss_G: 3.1529417037963867, Loss_D: 0.0015961199533194304
Epoch [99/300], Loss_G: 3.1311986446380615, Loss_D: 0.00017692885012365878
Epoch [100/300], Loss_G: 3.0469810962677, Loss_D: 0.0006789993494749069
Epoch [101/300], Loss_G: 3.013822317123413, Loss_D: 0.0031837327405810356
Epoch [102/300], Loss_G: 2.9833908081054688, Loss_D: 0.004706091247498989
Epoch [103/300], Loss_G: 3.0144095420837402, Loss_D: 0.006373022682964802
Epoch [104/300], Loss_G: 3.0178256034851074, Loss_D: 0.001958879642188549
Epoch [105/300], Loss_G: 3.195892333984375, Loss_D: 0.005529849790036678
Epoch [106/300], Loss_G: 2.985147476196289, Loss_D: 0.00180949573405087
Epoch [107/300], Loss_G: 2.945166826248169, Loss_D: 0.0011168979108333588
Epoch [108/300], Loss_G: 2.928622245788574, Loss_D: 0.015681419521570206
Epoch [109/300], Loss_G: 3.1079602241516113, Loss_D: 0.001663767732679844
Epoch [110/300], Loss_G: 3.0530402660369873, Loss_D: 0.0011417334899306297
Epoch [111/300], Loss_G: 2.97764253616333, Loss_D: 0.005641433410346508
Epoch [112/300], Loss_G: 2.9949965476989746, Loss_D: 0.000360016681952402
Epoch [113/300], Loss_G: 3.070127487182617, Loss_D: 0.0020670024678111076
Epoch [114/300], Loss_G: 2.994957685470581, Loss_D: 0.00022715498926118016
Epoch [115/300], Loss_G: 2.9568662643432617, Loss_D: 0.0007540031219832599
Epoch [116/300], Loss_G: 3.004300594329834, Loss_D: 0.00015019779675640166
Epoch [117/300], Loss_G: 3.0025243759155273, Loss_D: 0.0012219003401696682
Epoch [118/300], Loss_G: 3.003127098083496, Loss_D: 0.0019489792175590992
Epoch [119/300], Loss_G: 2.9523093700408936, Loss_D: 0.000456402194686234
Epoch [120/300], Loss_G: 3.0549988746643066, Loss_D: 0.005481160245835781
Epoch [121/300], Loss_G: 3.0183677673339844, Loss_D: 0.006177455186843872
Epoch [122/300], Loss_G: 3.012078285217285, Loss_D: 0.0006711690803058445
Epoch [123/300], Loss_G: 3.014004945755005, Loss_D: 0.0009836870012804866
Epoch [124/300], Loss_G: 3.0316619873046875, Loss_D: 0.0002881664549931884
Epoch [125/300], Loss_G: 3.078693389892578, Loss_D: 0.0033424985595047474
Epoch [126/300], Loss_G: 2.9707717895507812, Loss_D: 0.0023196637630462646
Epoch [127/300], Loss_G: 2.963141441345215, Loss_D: 0.0002685697400011122
Epoch [128/300], Loss_G: 2.979179620742798, Loss_D: 0.0010869033867493272
Epoch [129/300], Loss_G: 3.0370211601257324, Loss_D: 0.0002880711108446121
Epoch [130/300], Loss_G: 2.8807034492492676, Loss_D: 0.0030472122598439455
Epoch [131/300], Loss_G: 2.985273838043213, Loss_D: 0.012055521830916405
Epoch [132/300], Loss_G: 3.0326290130615234, Loss_D: 0.007862783037126064
Epoch [133/300], Loss_G: 2.978858709335327, Loss_D: 0.00022268600878305733
Epoch [134/300], Loss_G: 2.983928680419922, Loss_D: 0.002903917571529746
Epoch [135/300], Loss_G: 3.0199685096740723, Loss_D: 0.0007714667590335011
Epoch [136/300], Loss_G: 2.9600462913513184, Loss_D: 0.009854663163423538
Epoch [137/300], Loss_G: 2.936292886734009, Loss_D: 0.0007533348398283124
Epoch [138/300], Loss_G: 3.0064187049865723, Loss_D: 0.007019728422164917
Epoch [139/300], Loss_G: 2.931133270263672, Loss_D: 0.005603996105492115
Epoch [140/300], Loss_G: 3.0037896633148193, Loss_D: 0.00313479988835752
Epoch [141/300], Loss_G: 2.9937262535095215, Loss_D: 0.0002949627232737839
Epoch [142/300], Loss_G: 2.9698610305786133, Loss_D: 0.004175844602286816
Epoch [143/300], Loss_G: 2.9575390815734863, Loss_D: 0.001567527069710195
Epoch [144/300], Loss_G: 2.930734634399414, Loss_D: 0.000484060263261199
Epoch [145/300], Loss_G: 2.954545497894287, Loss_D: 0.0015526206698268652
Epoch [146/300], Loss_G: 2.9718546867370605, Loss_D: 0.0018420449923723936
Epoch [147/300], Loss_G: 2.8579704761505127, Loss_D: 0.002511974424123764
Epoch [148/300], Loss_G: 3.0378265380859375, Loss_D: 0.0014516410883516073
Epoch [149/300], Loss_G: 2.904783248901367, Loss_D: 0.001049834885634482
Epoch [150/300], Loss_G: 2.8943190574645996, Loss_D: 0.00011271750554442406
Epoch [151/300], Loss_G: 2.9307730197906494, Loss_D: 0.0010036503663286567
Epoch [152/300], Loss_G: 3.0452330112457275, Loss_D: 0.002974687609821558
Epoch [153/300], Loss_G: 2.9573848247528076, Loss_D: 0.0007993096951395273
Epoch [154/300], Loss_G: 2.9328742027282715, Loss_D: 0.00020958854292985052
Epoch [155/300], Loss_G: 2.8163042068481445, Loss_D: 0.004554204177111387
Epoch [156/300], Loss_G: 2.9470481872558594, Loss_D: 9.084002522286028e-05
Epoch [157/300], Loss_G: 2.974034070968628, Loss_D: 0.00943812821060419
Epoch [158/300], Loss_G: 2.995436668395996, Loss_D: 0.0011650383239611983
Epoch [159/300], Loss_G: 2.916658878326416, Loss_D: 0.000928509165532887
Epoch [160/300], Loss_G: 2.8654284477233887, Loss_D: 0.004627803806215525
Epoch [161/300], Loss_G: 2.8977136611938477, Loss_D: 0.0005026895669288933
Epoch [162/300], Loss_G: 3.047334671020508, Loss_D: 0.0009440616122446954
Epoch [163/300], Loss_G: 2.951549530029297, Loss_D: 0.0016609777230769396
Epoch [164/300], Loss_G: 2.9079625606536865, Loss_D: 0.0003371024504303932
Epoch [165/300], Loss_G: 2.8657238483428955, Loss_D: 0.004007705952972174
Epoch [166/300], Loss_G: 2.8537349700927734, Loss_D: 0.0021435862872749567
Epoch [167/300], Loss_G: 2.8815908432006836, Loss_D: 0.00013256605598144233
Epoch [168/300], Loss_G: 2.9799575805664062, Loss_D: 0.0006136976298876107
Epoch [169/300], Loss_G: 2.9007792472839355, Loss_D: 0.00014421346713788807
Epoch [170/300], Loss_G: 2.9466171264648438, Loss_D: 0.002090521389618516
Epoch [171/300], Loss_G: 2.947171926498413, Loss_D: 0.0002637399302329868
Epoch [172/300], Loss_G: 2.922247886657715, Loss_D: 0.00031538144685328007
Epoch [173/300], Loss_G: 2.9156064987182617, Loss_D: 0.001969227334484458
Epoch [174/300], Loss_G: 2.8739705085754395, Loss_D: 7.719313725829124e-05
Epoch [175/300], Loss_G: 2.910029172897339, Loss_D: 0.0005603060126304626
Epoch [176/300], Loss_G: 2.9280967712402344, Loss_D: 0.0007229997427202761
Epoch [177/300], Loss_G: 3.013153076171875, Loss_D: 0.019282817840576172
Epoch [178/300], Loss_G: 3.0083870887756348, Loss_D: 0.00861494243144989
Epoch [179/300], Loss_G: 2.8954334259033203, Loss_D: 0.004414974246174097
Epoch [180/300], Loss_G: 3.0521399974823, Loss_D: 0.016896748915314674
Epoch [181/300], Loss_G: 2.912780284881592, Loss_D: 0.0010761951562017202
Epoch [182/300], Loss_G: 2.9125893115997314, Loss_D: 0.0005357827758416533
Epoch [183/300], Loss_G: 2.9011454582214355, Loss_D: 0.0020588261540979147
Epoch [184/300], Loss_G: 2.868216037750244, Loss_D: 0.004696965217590332
Epoch [185/300], Loss_G: 2.9587562084198, Loss_D: 8.827311830827966e-05
Epoch [186/300], Loss_G: 2.8951094150543213, Loss_D: 0.0005494332872331142
Epoch [187/300], Loss_G: 2.8755862712860107, Loss_D: 0.0005387435667216778
Epoch [188/300], Loss_G: 2.8105127811431885, Loss_D: 0.002725292230024934
Epoch [189/300], Loss_G: 2.9646143913269043, Loss_D: 0.0017421918455511332
Epoch [190/300], Loss_G: 3.028587818145752, Loss_D: 0.0022453905548900366
Epoch [191/300], Loss_G: 2.903794527053833, Loss_D: 0.0003901225863955915
Epoch [192/300], Loss_G: 2.911853313446045, Loss_D: 0.004165264777839184
Epoch [193/300], Loss_G: 2.8913779258728027, Loss_D: 0.00045042193960398436
Epoch [194/300], Loss_G: 2.86163330078125, Loss_D: 0.0020970776677131653
Epoch [195/300], Loss_G: 2.9402294158935547, Loss_D: 0.0013824220513924956
Epoch [196/300], Loss_G: 2.9207398891448975, Loss_D: 0.0010513339657336473
Epoch [197/300], Loss_G: 2.8848977088928223, Loss_D: 0.0005874406197108328
Epoch [198/300], Loss_G: 2.862647533416748, Loss_D: 0.0006150739500299096
Epoch [199/300], Loss_G: 2.9008212089538574, Loss_D: 9.689807484392077e-05
Epoch [200/300], Loss_G: 2.8486998081207275, Loss_D: 0.00030887004686519504
Epoch [201/300], Loss_G: 2.892953634262085, Loss_D: 0.00011496103252284229
Epoch [202/300], Loss_G: 2.8620431423187256, Loss_D: 0.00011450084275566041
Epoch [203/300], Loss_G: 2.870779037475586, Loss_D: 0.00012407134636305273
Epoch [204/300], Loss_G: 2.896559715270996, Loss_D: 0.0016501983627676964
Epoch [205/300], Loss_G: 2.881687641143799, Loss_D: 0.00010327492782380432
Epoch [206/300], Loss_G: 2.870666027069092, Loss_D: 0.009979192167520523
Epoch [207/300], Loss_G: 2.842038869857788, Loss_D: 0.0009669373393990099
Epoch [208/300], Loss_G: 2.8549413681030273, Loss_D: 0.0001233072835020721
Epoch [209/300], Loss_G: 2.922605276107788, Loss_D: 0.00023292498372029513
Epoch [210/300], Loss_G: 2.758338451385498, Loss_D: 0.0011917996453121305
Epoch [211/300], Loss_G: 3.33481502532959, Loss_D: 0.2554273009300232
Epoch [212/300], Loss_G: 2.820107936859131, Loss_D: 0.0007308751228265464
Epoch [213/300], Loss_G: 2.9643492698669434, Loss_D: 0.007640677969902754
Epoch [214/300], Loss_G: 2.886125087738037, Loss_D: 0.0004889971460215747
Epoch [215/300], Loss_G: 2.8521580696105957, Loss_D: 0.00062388158403337
Epoch [216/300], Loss_G: 2.9160447120666504, Loss_D: 0.00012963238987140357
Epoch [217/300], Loss_G: 2.929783344268799, Loss_D: 0.006608505733311176
Epoch [218/300], Loss_G: 2.8495218753814697, Loss_D: 0.0013621087418869138
Epoch [219/300], Loss_G: 2.925144910812378, Loss_D: 0.0016011581756174564
Epoch [220/300], Loss_G: 2.8682003021240234, Loss_D: 0.00043435709085315466
Epoch [221/300], Loss_G: 2.827578067779541, Loss_D: 5.050547406426631e-05
Epoch [222/300], Loss_G: 2.938542366027832, Loss_D: 0.0001674194645602256
Epoch [223/300], Loss_G: 2.833550453186035, Loss_D: 0.0011793472804129124
Epoch [224/300], Loss_G: 2.787403106689453, Loss_D: 0.005966719705611467
Epoch [225/300], Loss_G: 2.8643007278442383, Loss_D: 7.668179023312405e-05
Epoch [226/300], Loss_G: 2.771601676940918, Loss_D: 0.002910157898440957
Epoch [227/300], Loss_G: 2.907374620437622, Loss_D: 0.0004843194328714162
Epoch [228/300], Loss_G: 2.8951406478881836, Loss_D: 0.0011844414984807372
Epoch [229/300], Loss_G: 2.8169045448303223, Loss_D: 7.067718252073973e-05
Epoch [230/300], Loss_G: 2.8969132900238037, Loss_D: 0.0018837819807231426
Epoch [231/300], Loss_G: 2.943676233291626, Loss_D: 0.005189601331949234
Epoch [232/300], Loss_G: 2.790938377380371, Loss_D: 0.0025001135654747486
Epoch [233/300], Loss_G: 2.7179670333862305, Loss_D: 0.003692073980346322
Epoch [234/300], Loss_G: 2.878704071044922, Loss_D: 0.0004863644717261195
Epoch [235/300], Loss_G: 2.7242720127105713, Loss_D: 0.012942575849592686
Epoch [236/300], Loss_G: 2.8798599243164062, Loss_D: 8.190023072529584e-05
Epoch [237/300], Loss_G: 2.896480083465576, Loss_D: 0.0003751856565941125
Epoch [238/300], Loss_G: 2.8509504795074463, Loss_D: 0.0004523789684753865
Epoch [239/300], Loss_G: 2.7645535469055176, Loss_D: 0.0004837612505070865
Epoch [240/300], Loss_G: 2.874093532562256, Loss_D: 0.0008635473204776645
Epoch [241/300], Loss_G: 2.846661329269409, Loss_D: 0.00011094151705037802
Epoch [242/300], Loss_G: 2.801729679107666, Loss_D: 0.0003017715353053063
Epoch [243/300], Loss_G: 2.844306230545044, Loss_D: 0.00032289710361510515
Epoch [244/300], Loss_G: 2.836413860321045, Loss_D: 0.00014948339958209544
Epoch [245/300], Loss_G: 2.9400219917297363, Loss_D: 0.0015384724829345942
Epoch [246/300], Loss_G: 2.8009541034698486, Loss_D: 0.000925080559682101
Epoch [247/300], Loss_G: 2.6911840438842773, Loss_D: 0.014284190721809864
Epoch [248/300], Loss_G: 2.9070382118225098, Loss_D: 0.00010803779878187925
Epoch [249/300], Loss_G: 2.843067169189453, Loss_D: 6.043253233656287e-05
Epoch [250/300], Loss_G: 2.8820314407348633, Loss_D: 0.00039613977423869073
Epoch [251/300], Loss_G: 2.816506862640381, Loss_D: 9.965251956600696e-05
Epoch [252/300], Loss_G: 2.8654496669769287, Loss_D: 0.0015759423840790987
Epoch [253/300], Loss_G: 2.844059944152832, Loss_D: 0.0011609202483668923
Epoch [254/300], Loss_G: 2.7283120155334473, Loss_D: 0.016850173473358154
Epoch [255/300], Loss_G: 2.8059654235839844, Loss_D: 0.006485470104962587
Epoch [256/300], Loss_G: 2.717944383621216, Loss_D: 0.004215800203382969
Epoch [257/300], Loss_G: 2.8694143295288086, Loss_D: 7.250827911775559e-05
Epoch [258/300], Loss_G: 2.800788402557373, Loss_D: 0.00020518747624009848
Epoch [259/300], Loss_G: 2.7521088123321533, Loss_D: 0.000849016651045531
Epoch [260/300], Loss_G: 2.8645381927490234, Loss_D: 0.0030028263572603464
Epoch [261/300], Loss_G: 2.836595058441162, Loss_D: 0.00027134144329465926
Epoch [262/300], Loss_G: 2.8113417625427246, Loss_D: 9.988647070713341e-05
Epoch [263/300], Loss_G: 2.7974023818969727, Loss_D: 0.00011027152504539117
Epoch [264/300], Loss_G: 2.868617534637451, Loss_D: 5.098349356558174e-05
Epoch [265/300], Loss_G: 2.803685426712036, Loss_D: 5.509638140210882e-05
Epoch [266/300], Loss_G: 2.8602051734924316, Loss_D: 0.0006317828665487468
Epoch [267/300], Loss_G: 2.828058958053589, Loss_D: 5.2181436331011355e-05
Epoch [268/300], Loss_G: 2.8454833030700684, Loss_D: 0.00016267683531623334
Epoch [269/300], Loss_G: 2.795398712158203, Loss_D: 0.00020989168842788786
Epoch [270/300], Loss_G: 2.8422746658325195, Loss_D: 0.00033364066621288657
Epoch [271/300], Loss_G: 2.8860111236572266, Loss_D: 0.002726461738348007
Epoch [272/300], Loss_G: 2.7980551719665527, Loss_D: 0.0004376367141958326
Epoch [273/300], Loss_G: 2.854315757751465, Loss_D: 0.0004404954961501062
Epoch [274/300], Loss_G: 2.7515196800231934, Loss_D: 0.0031619060318917036
Epoch [275/300], Loss_G: 2.819995164871216, Loss_D: 0.0002199744340032339
Epoch [276/300], Loss_G: 2.6848273277282715, Loss_D: 0.00589792849496007
Epoch [277/300], Loss_G: 2.8652877807617188, Loss_D: 0.000168165861396119
Epoch [278/300], Loss_G: 2.7611148357391357, Loss_D: 0.002051415853202343
Epoch [279/300], Loss_G: 2.842362642288208, Loss_D: 0.0003654652100522071
Epoch [280/300], Loss_G: 2.8622183799743652, Loss_D: 0.0019861541222780943
Epoch [281/300], Loss_G: 2.813875436782837, Loss_D: 0.000256382510997355
Epoch [282/300], Loss_G: 2.891807794570923, Loss_D: 0.004412108566612005
Epoch [283/300], Loss_G: 2.829245090484619, Loss_D: 0.0006193809676915407
Epoch [284/300], Loss_G: 2.083925724029541, Loss_D: 0.8556866645812988
Epoch [285/300], Loss_G: 2.882467746734619, Loss_D: 0.00012363118003122509
Epoch [286/300], Loss_G: 2.81134033203125, Loss_D: 5.6340883020311594e-05
Epoch [287/300], Loss_G: 2.869927406311035, Loss_D: 5.153559322934598e-05
Epoch [288/300], Loss_G: 2.76460862159729, Loss_D: 0.00016404852794948965
Epoch [289/300], Loss_G: 2.7636313438415527, Loss_D: 0.0011127605102956295
Epoch [290/300], Loss_G: 2.864041805267334, Loss_D: 0.002308816649019718
Epoch [291/300], Loss_G: 2.86865234375, Loss_D: 7.393343548756093e-05
Epoch [292/300], Loss_G: 2.808681011199951, Loss_D: 0.0009840403217822313
Epoch [293/300], Loss_G: 2.8193109035491943, Loss_D: 0.00012906207120977342
Epoch [294/300], Loss_G: 2.913038730621338, Loss_D: 0.0024075880646705627
Epoch [295/300], Loss_G: 2.814222574234009, Loss_D: 0.00023849576245993376
Epoch [296/300], Loss_G: 2.769052505493164, Loss_D: 0.00012167183740530163
Epoch [297/300], Loss_G: 2.796273708343506, Loss_D: 0.0008678821031935513
Epoch [298/300], Loss_G: 2.7986974716186523, Loss_D: 0.00039961718721315265
Epoch [299/300], Loss_G: 2.800020217895508, Loss_D: 6.409923662431538e-05
Epoch [300/300], Loss_G: 2.9174861907958984, Loss_D: 7.09316082065925e-05
